<?xml version="1.0" encoding="UTF-8"?>
<!-- Generated by org.testng.reporters.JUnitReportReporter -->
<testsuite hostname="BISWAJIT2000" failures="0" tests="1" name="ExtentReportSent.TestClass" time="0.858" errors="0" timestamp="2023-08-20T19:02:44 IST" skipped="0">
  <testcase classname="ExtentReportSent.TestClass" name="enterText" time="0.858"/>
</testsuite> <!-- ExtentReportSent.TestClass -->
